<?xml version="1.0" encoding="UTF-8"?>
<!-- Generated by org.testng.reporters.JUnitReportReporter -->
<testsuite hostname="IN-PG0352BP" failures="0" tests="1" name="tests.WishlistTest" time="3.903" errors="0" timestamp="2024-05-16T23:25:28 IST" skipped="0">
  <testcase classname="tests.WishlistTest" name="wishlistTest" time="3.903"/>
</testsuite> <!-- tests.WishlistTest -->
