<?xml version="1.0" encoding="UTF-8"?>
<!-- Generated by org.testng.reporters.JUnitReportReporter -->
<testsuite hostname="IN-PG0352BP" failures="0" tests="1" name="tests.PinCodeTest" time="4.888" errors="0" timestamp="2024-05-16T23:25:29 IST" skipped="0">
  <testcase classname="tests.PinCodeTest" name="pincodeTest" time="4.888"/>
</testsuite> <!-- tests.PinCodeTest -->
