<?xml version="1.0" encoding="UTF-8"?>
<!-- Generated by org.testng.reporters.JUnitReportReporter -->
<testsuite hostname="IN-PG0352BP" failures="0" tests="1" name="tests.ExchangeTest" time="10.826" errors="0" timestamp="2024-05-16T23:25:29 IST" skipped="0">
  <testcase classname="tests.ExchangeTest" name="exchangeTest" time="10.826"/>
</testsuite> <!-- tests.ExchangeTest -->
