<?xml version="1.0" encoding="UTF-8"?>
<!-- Generated by org.testng.reporters.JUnitReportReporter -->
<testsuite hostname="IN-PG0352BP" failures="0" tests="1" name="tests.GiftcardTest" time="7.762" errors="0" timestamp="2024-05-16T23:25:29 IST" skipped="0">
  <testcase classname="tests.GiftcardTest" name="giftcardTest" time="7.762"/>
</testsuite> <!-- tests.GiftcardTest -->
