<?xml version="1.0" encoding="UTF-8"?>
<!-- Generated by org.testng.reporters.JUnitReportReporter -->
<testsuite hostname="IN-PG0352BP" failures="0" tests="1" name="tests.CompareTest" time="6.868" errors="0" timestamp="2024-05-16T23:25:29 IST" skipped="0">
  <testcase classname="tests.CompareTest" name="compareTest" time="6.868"/>
</testsuite> <!-- tests.CompareTest -->
