<?xml version="1.0" encoding="UTF-8"?>
<!-- Generated by org.testng.reporters.JUnitReportReporter -->
<testsuite hostname="IN-PG0352BP" failures="0" tests="1" name="tests.GroceryTest" time="5.066" errors="0" timestamp="2024-05-16T23:25:28 IST" skipped="0">
  <testcase classname="tests.GroceryTest" name="groceryTest" time="5.066"/>
</testsuite> <!-- tests.GroceryTest -->
