<?xml version="1.0" encoding="UTF-8"?>
<testsuite xmlns:xsi="http://www.w3.org/2001/XMLSchema-instance" xsi:noNamespaceSchemaLocation="https://maven.apache.org/surefire/maven-surefire-plugin/xsd/surefire-test-report-3.0.xsd" version="3.0" name="TestSuite" time="218.451" tests="20" errors="0" skipped="0" failures="0">
  <properties>
    <property name="sun.desktop" value="windows"/>
    <property name="awt.toolkit" value="sun.awt.windows.WToolkit"/>
    <property name="java.specification.version" value="11"/>
    <property name="webdriver.chrome.driver" value="C:\Users\richatiwari\.cache\selenium\chromedriver\win64\124.0.6367.207\chromedriver.exe"/>
    <property name="sun.cpu.isalist" value="amd64"/>
    <property name="sun.jnu.encoding" value="Cp1252"/>
    <property name="sun.awt.enableExtraMouseButtons" value="true"/>
    <property name="java.class.path" value="C:\Users\richatiwari\eclipse-workspace\ExitTest\target\test-classes;C:\Users\richatiwari\eclipse-workspace\ExitTest\target\classes;C:\Users\richatiwari\.m2\repository\org\apache\logging\log4j\log4j-api\2.23.1\log4j-api-2.23.1.jar;C:\Users\richatiwari\.m2\repository\org\apache\logging\log4j\log4j-core\2.23.1\log4j-core-2.23.1.jar;C:\Users\richatiwari\.m2\repository\commons-io\commons-io\2.15.1\commons-io-2.15.1.jar;C:\Users\richatiwari\.m2\repository\com\aventstack\extentreports\5.1.1\extentreports-5.1.1.jar;C:\Users\richatiwari\.m2\repository\io\reactivex\rxjava3\rxjava\3.1.6\rxjava-3.1.6.jar;C:\Users\richatiwari\.m2\repository\org\reactivestreams\reactive-streams\1.0.4\reactive-streams-1.0.4.jar;C:\Users\richatiwari\.m2\repository\org\freemarker\freemarker\2.3.32\freemarker-2.3.32.jar;C:\Users\richatiwari\.m2\repository\org\projectlombok\lombok\1.18.26\lombok-1.18.26.jar;C:\Users\richatiwari\.m2\repository\com\google\code\gson\gson\2.10.1\gson-2.10.1.jar;C:\Users\richatiwari\.m2\repository\org\testng\testng\7.9.0\testng-7.9.0.jar;C:\Users\richatiwari\.m2\repository\org\slf4j\slf4j-api\1.7.36\slf4j-api-1.7.36.jar;C:\Users\richatiwari\.m2\repository\com\beust\jcommander\1.82\jcommander-1.82.jar;C:\Users\richatiwari\.m2\repository\org\webjars\jquery\3.7.1\jquery-3.7.1.jar;C:\Users\richatiwari\.m2\repository\org\seleniumhq\selenium\selenium-java\4.18.1\selenium-java-4.18.1.jar;C:\Users\richatiwari\.m2\repository\org\seleniumhq\selenium\selenium-api\4.18.1\selenium-api-4.18.1.jar;C:\Users\richatiwari\.m2\repository\org\seleniumhq\selenium\selenium-chrome-driver\4.18.1\selenium-chrome-driver-4.18.1.jar;C:\Users\richatiwari\.m2\repository\com\google\auto\service\auto-service-annotations\1.1.1\auto-service-annotations-1.1.1.jar;C:\Users\richatiwari\.m2\repository\org\seleniumhq\selenium\selenium-chromium-driver\4.18.1\selenium-chromium-driver-4.18.1.jar;C:\Users\richatiwari\.m2\repository\org\seleniumhq\selenium\selenium-json\4.18.1\selenium-json-4.18.1.jar;C:\Users\richatiwari\.m2\repository\org\seleniumhq\selenium\selenium-manager\4.18.1\selenium-manager-4.18.1.jar;C:\Users\richatiwari\.m2\repository\org\seleniumhq\selenium\selenium-devtools-v120\4.18.1\selenium-devtools-v120-4.18.1.jar;C:\Users\richatiwari\.m2\repository\org\seleniumhq\selenium\selenium-devtools-v121\4.18.1\selenium-devtools-v121-4.18.1.jar;C:\Users\richatiwari\.m2\repository\org\seleniumhq\selenium\selenium-devtools-v122\4.18.1\selenium-devtools-v122-4.18.1.jar;C:\Users\richatiwari\.m2\repository\org\seleniumhq\selenium\selenium-devtools-v85\4.18.1\selenium-devtools-v85-4.18.1.jar;C:\Users\richatiwari\.m2\repository\org\seleniumhq\selenium\selenium-edge-driver\4.18.1\selenium-edge-driver-4.18.1.jar;C:\Users\richatiwari\.m2\repository\org\seleniumhq\selenium\selenium-firefox-driver\4.18.1\selenium-firefox-driver-4.18.1.jar;C:\Users\richatiwari\.m2\repository\org\seleniumhq\selenium\selenium-http\4.18.1\selenium-http-4.18.1.jar;C:\Users\richatiwari\.m2\repository\dev\failsafe\failsafe\3.3.2\failsafe-3.3.2.jar;C:\Users\richatiwari\.m2\repository\org\seleniumhq\selenium\selenium-ie-driver\4.18.1\selenium-ie-driver-4.18.1.jar;C:\Users\richatiwari\.m2\repository\org\seleniumhq\selenium\selenium-remote-driver\4.18.1\selenium-remote-driver-4.18.1.jar;C:\Users\richatiwari\.m2\repository\com\google\guava\guava\33.0.0-jre\guava-33.0.0-jre.jar;C:\Users\richatiwari\.m2\repository\com\google\guava\failureaccess\1.0.2\failureaccess-1.0.2.jar;C:\Users\richatiwari\.m2\repository\com\google\guava\listenablefuture\9999.0-empty-to-avoid-conflict-with-guava\listenablefuture-9999.0-empty-to-avoid-conflict-with-guava.jar;C:\Users\richatiwari\.m2\repository\com\google\code\findbugs\jsr305\3.0.2\jsr305-3.0.2.jar;C:\Users\richatiwari\.m2\repository\org\checkerframework\checker-qual\3.41.0\checker-qual-3.41.0.jar;C:\Users\richatiwari\.m2\repository\com\google\errorprone\error_prone_annotations\2.23.0\error_prone_annotations-2.23.0.jar;C:\Users\richatiwari\.m2\repository\com\google\j2objc\j2objc-annotations\2.8\j2objc-annotations-2.8.jar;C:\Users\richatiwari\.m2\repository\io\opentelemetry\semconv\opentelemetry-semconv\1.23.1-alpha\opentelemetry-semconv-1.23.1-alpha.jar;C:\Users\richatiwari\.m2\repository\io\opentelemetry\opentelemetry-api\1.35.0\opentelemetry-api-1.35.0.jar;C:\Users\richatiwari\.m2\repository\io\opentelemetry\opentelemetry-context\1.35.0\opentelemetry-context-1.35.0.jar;C:\Users\richatiwari\.m2\repository\io\opentelemetry\opentelemetry-exporter-logging\1.35.0\opentelemetry-exporter-logging-1.35.0.jar;C:\Users\richatiwari\.m2\repository\io\opentelemetry\opentelemetry-sdk-common\1.35.0\opentelemetry-sdk-common-1.35.0.jar;C:\Users\richatiwari\.m2\repository\io\opentelemetry\opentelemetry-sdk-extension-autoconfigure-spi\1.35.0\opentelemetry-sdk-extension-autoconfigure-spi-1.35.0.jar;C:\Users\richatiwari\.m2\repository\io\opentelemetry\opentelemetry-sdk-extension-autoconfigure\1.35.0\opentelemetry-sdk-extension-autoconfigure-1.35.0.jar;C:\Users\richatiwari\.m2\repository\io\opentelemetry\opentelemetry-api-events\1.35.0-alpha\opentelemetry-api-events-1.35.0-alpha.jar;C:\Users\richatiwari\.m2\repository\io\opentelemetry\opentelemetry-sdk-trace\1.35.0\opentelemetry-sdk-trace-1.35.0.jar;C:\Users\richatiwari\.m2\repository\io\opentelemetry\opentelemetry-extension-incubator\1.35.0-alpha\opentelemetry-extension-incubator-1.35.0-alpha.jar;C:\Users\richatiwari\.m2\repository\io\opentelemetry\opentelemetry-sdk\1.35.0\opentelemetry-sdk-1.35.0.jar;C:\Users\richatiwari\.m2\repository\io\opentelemetry\opentelemetry-sdk-metrics\1.35.0\opentelemetry-sdk-metrics-1.35.0.jar;C:\Users\richatiwari\.m2\repository\io\opentelemetry\opentelemetry-sdk-logs\1.35.0\opentelemetry-sdk-logs-1.35.0.jar;C:\Users\richatiwari\.m2\repository\net\bytebuddy\byte-buddy\1.14.12\byte-buddy-1.14.12.jar;C:\Users\richatiwari\.m2\repository\org\seleniumhq\selenium\selenium-os\4.18.1\selenium-os-4.18.1.jar;C:\Users\richatiwari\.m2\repository\org\apache\commons\commons-exec\1.3\commons-exec-1.3.jar;C:\Users\richatiwari\.m2\repository\org\seleniumhq\selenium\selenium-safari-driver\4.18.1\selenium-safari-driver-4.18.1.jar;C:\Users\richatiwari\.m2\repository\org\seleniumhq\selenium\selenium-support\4.18.1\selenium-support-4.18.1.jar;C:\Users\richatiwari\.m2\repository\junit\junit\3.8.1\junit-3.8.1.jar;C:\Users\richatiwari\.m2\repository\io\github\bonigarcia\webdrivermanager\5.8.0\webdrivermanager-5.8.0.jar;C:\Users\richatiwari\.m2\repository\com\github\docker-java\docker-java\3.3.6\docker-java-3.3.6.jar;C:\Users\richatiwari\.m2\repository\com\github\docker-java\docker-java-core\3.3.6\docker-java-core-3.3.6.jar;C:\Users\richatiwari\.m2\repository\com\github\docker-java\docker-java-api\3.3.6\docker-java-api-3.3.6.jar;C:\Users\richatiwari\.m2\repository\com\fasterxml\jackson\core\jackson-annotations\2.10.3\jackson-annotations-2.10.3.jar;C:\Users\richatiwari\.m2\repository\com\fasterxml\jackson\core\jackson-databind\2.10.3\jackson-databind-2.10.3.jar;C:\Users\richatiwari\.m2\repository\com\fasterxml\jackson\core\jackson-core\2.10.3\jackson-core-2.10.3.jar;C:\Users\richatiwari\.m2\repository\org\bouncycastle\bcpkix-jdk18on\1.76\bcpkix-jdk18on-1.76.jar;C:\Users\richatiwari\.m2\repository\org\bouncycastle\bcprov-jdk18on\1.76\bcprov-jdk18on-1.76.jar;C:\Users\richatiwari\.m2\repository\org\bouncycastle\bcutil-jdk18on\1.76\bcutil-jdk18on-1.76.jar;C:\Users\richatiwari\.m2\repository\org\slf4j\jcl-over-slf4j\1.7.30\jcl-over-slf4j-1.7.30.jar;C:\Users\richatiwari\.m2\repository\com\github\docker-java\docker-java-transport-httpclient5\3.3.6\docker-java-transport-httpclient5-3.3.6.jar;C:\Users\richatiwari\.m2\repository\com\github\docker-java\docker-java-transport\3.3.6\docker-java-transport-3.3.6.jar;C:\Users\richatiwari\.m2\repository\net\java\dev\jna\jna\5.13.0\jna-5.13.0.jar;C:\Users\richatiwari\.m2\repository\org\brotli\dec\0.1.2\dec-0.1.2.jar;C:\Users\richatiwari\.m2\repository\org\apache\commons\commons-lang3\3.14.0\commons-lang3-3.14.0.jar;C:\Users\richatiwari\.m2\repository\org\apache\commons\commons-compress\1.26.1\commons-compress-1.26.1.jar;C:\Users\richatiwari\.m2\repository\org\apache\httpcomponents\client5\httpclient5\5.2.1\httpclient5-5.2.1.jar;C:\Users\richatiwari\.m2\repository\org\apache\httpcomponents\core5\httpcore5\5.2\httpcore5-5.2.jar;C:\Users\richatiwari\.m2\repository\org\apache\httpcomponents\core5\httpcore5-h2\5.2\httpcore5-h2-5.2.jar;C:\Users\richatiwari\.m2\repository\org\apache\poi\poi\5.2.5\poi-5.2.5.jar;C:\Users\richatiwari\.m2\repository\commons-codec\commons-codec\1.16.0\commons-codec-1.16.0.jar;C:\Users\richatiwari\.m2\repository\org\apache\commons\commons-collections4\4.4\commons-collections4-4.4.jar;C:\Users\richatiwari\.m2\repository\org\apache\commons\commons-math3\3.6.1\commons-math3-3.6.1.jar;C:\Users\richatiwari\.m2\repository\com\zaxxer\SparseBitSet\1.3\SparseBitSet-1.3.jar;C:\Users\richatiwari\.m2\repository\org\apache\poi\poi-ooxml\5.2.5\poi-ooxml-5.2.5.jar;C:\Users\richatiwari\.m2\repository\org\apache\poi\poi-ooxml-lite\5.2.5\poi-ooxml-lite-5.2.5.jar;C:\Users\richatiwari\.m2\repository\org\apache\xmlbeans\xmlbeans\5.2.0\xmlbeans-5.2.0.jar;C:\Users\richatiwari\.m2\repository\com\github\virtuald\curvesapi\1.08\curvesapi-1.08.jar;"/>
    <property name="java.vm.vendor" value="Oracle Corporation"/>
    <property name="sun.arch.data.model" value="64"/>
    <property name="user.variant" value=""/>
    <property name="java.vendor.url" value="http://java.oracle.com/"/>
    <property name="user.timezone" value="Asia/Calcutta"/>
    <property name="java.vm.specification.version" value="11"/>
    <property name="os.name" value="Windows 10"/>
    <property name="sun.java.launcher" value="SUN_STANDARD"/>
    <property name="user.country" value="IN"/>
    <property name="sun.boot.library.path" value="C:\Program Files\RedHat\java-11-openjdk-11.0.5-2\bin"/>
    <property name="sun.java.command" value="C:\Users\richatiwari\AppData\Local\Temp\surefire12504629202017591108\surefirebooter-20240516232149929_3.jar C:\Users\richatiwari\AppData\Local\Temp\surefire12504629202017591108 2024-05-16T23-21-48_810-jvmRun1 surefire-20240516232149929_1tmp surefire_0-20240516232149929_2tmp"/>
    <property name="jdk.debug" value="release"/>
    <property name="surefire.test.class.path" value="C:\Users\richatiwari\eclipse-workspace\ExitTest\target\test-classes;C:\Users\richatiwari\eclipse-workspace\ExitTest\target\classes;C:\Users\richatiwari\.m2\repository\org\apache\logging\log4j\log4j-api\2.23.1\log4j-api-2.23.1.jar;C:\Users\richatiwari\.m2\repository\org\apache\logging\log4j\log4j-core\2.23.1\log4j-core-2.23.1.jar;C:\Users\richatiwari\.m2\repository\commons-io\commons-io\2.15.1\commons-io-2.15.1.jar;C:\Users\richatiwari\.m2\repository\com\aventstack\extentreports\5.1.1\extentreports-5.1.1.jar;C:\Users\richatiwari\.m2\repository\io\reactivex\rxjava3\rxjava\3.1.6\rxjava-3.1.6.jar;C:\Users\richatiwari\.m2\repository\org\reactivestreams\reactive-streams\1.0.4\reactive-streams-1.0.4.jar;C:\Users\richatiwari\.m2\repository\org\freemarker\freemarker\2.3.32\freemarker-2.3.32.jar;C:\Users\richatiwari\.m2\repository\org\projectlombok\lombok\1.18.26\lombok-1.18.26.jar;C:\Users\richatiwari\.m2\repository\com\google\code\gson\gson\2.10.1\gson-2.10.1.jar;C:\Users\richatiwari\.m2\repository\org\testng\testng\7.9.0\testng-7.9.0.jar;C:\Users\richatiwari\.m2\repository\org\slf4j\slf4j-api\1.7.36\slf4j-api-1.7.36.jar;C:\Users\richatiwari\.m2\repository\com\beust\jcommander\1.82\jcommander-1.82.jar;C:\Users\richatiwari\.m2\repository\org\webjars\jquery\3.7.1\jquery-3.7.1.jar;C:\Users\richatiwari\.m2\repository\org\seleniumhq\selenium\selenium-java\4.18.1\selenium-java-4.18.1.jar;C:\Users\richatiwari\.m2\repository\org\seleniumhq\selenium\selenium-api\4.18.1\selenium-api-4.18.1.jar;C:\Users\richatiwari\.m2\repository\org\seleniumhq\selenium\selenium-chrome-driver\4.18.1\selenium-chrome-driver-4.18.1.jar;C:\Users\richatiwari\.m2\repository\com\google\auto\service\auto-service-annotations\1.1.1\auto-service-annotations-1.1.1.jar;C:\Users\richatiwari\.m2\repository\org\seleniumhq\selenium\selenium-chromium-driver\4.18.1\selenium-chromium-driver-4.18.1.jar;C:\Users\richatiwari\.m2\repository\org\seleniumhq\selenium\selenium-json\4.18.1\selenium-json-4.18.1.jar;C:\Users\richatiwari\.m2\repository\org\seleniumhq\selenium\selenium-manager\4.18.1\selenium-manager-4.18.1.jar;C:\Users\richatiwari\.m2\repository\org\seleniumhq\selenium\selenium-devtools-v120\4.18.1\selenium-devtools-v120-4.18.1.jar;C:\Users\richatiwari\.m2\repository\org\seleniumhq\selenium\selenium-devtools-v121\4.18.1\selenium-devtools-v121-4.18.1.jar;C:\Users\richatiwari\.m2\repository\org\seleniumhq\selenium\selenium-devtools-v122\4.18.1\selenium-devtools-v122-4.18.1.jar;C:\Users\richatiwari\.m2\repository\org\seleniumhq\selenium\selenium-devtools-v85\4.18.1\selenium-devtools-v85-4.18.1.jar;C:\Users\richatiwari\.m2\repository\org\seleniumhq\selenium\selenium-edge-driver\4.18.1\selenium-edge-driver-4.18.1.jar;C:\Users\richatiwari\.m2\repository\org\seleniumhq\selenium\selenium-firefox-driver\4.18.1\selenium-firefox-driver-4.18.1.jar;C:\Users\richatiwari\.m2\repository\org\seleniumhq\selenium\selenium-http\4.18.1\selenium-http-4.18.1.jar;C:\Users\richatiwari\.m2\repository\dev\failsafe\failsafe\3.3.2\failsafe-3.3.2.jar;C:\Users\richatiwari\.m2\repository\org\seleniumhq\selenium\selenium-ie-driver\4.18.1\selenium-ie-driver-4.18.1.jar;C:\Users\richatiwari\.m2\repository\org\seleniumhq\selenium\selenium-remote-driver\4.18.1\selenium-remote-driver-4.18.1.jar;C:\Users\richatiwari\.m2\repository\com\google\guava\guava\33.0.0-jre\guava-33.0.0-jre.jar;C:\Users\richatiwari\.m2\repository\com\google\guava\failureaccess\1.0.2\failureaccess-1.0.2.jar;C:\Users\richatiwari\.m2\repository\com\google\guava\listenablefuture\9999.0-empty-to-avoid-conflict-with-guava\listenablefuture-9999.0-empty-to-avoid-conflict-with-guava.jar;C:\Users\richatiwari\.m2\repository\com\google\code\findbugs\jsr305\3.0.2\jsr305-3.0.2.jar;C:\Users\richatiwari\.m2\repository\org\checkerframework\checker-qual\3.41.0\checker-qual-3.41.0.jar;C:\Users\richatiwari\.m2\repository\com\google\errorprone\error_prone_annotations\2.23.0\error_prone_annotations-2.23.0.jar;C:\Users\richatiwari\.m2\repository\com\google\j2objc\j2objc-annotations\2.8\j2objc-annotations-2.8.jar;C:\Users\richatiwari\.m2\repository\io\opentelemetry\semconv\opentelemetry-semconv\1.23.1-alpha\opentelemetry-semconv-1.23.1-alpha.jar;C:\Users\richatiwari\.m2\repository\io\opentelemetry\opentelemetry-api\1.35.0\opentelemetry-api-1.35.0.jar;C:\Users\richatiwari\.m2\repository\io\opentelemetry\opentelemetry-context\1.35.0\opentelemetry-context-1.35.0.jar;C:\Users\richatiwari\.m2\repository\io\opentelemetry\opentelemetry-exporter-logging\1.35.0\opentelemetry-exporter-logging-1.35.0.jar;C:\Users\richatiwari\.m2\repository\io\opentelemetry\opentelemetry-sdk-common\1.35.0\opentelemetry-sdk-common-1.35.0.jar;C:\Users\richatiwari\.m2\repository\io\opentelemetry\opentelemetry-sdk-extension-autoconfigure-spi\1.35.0\opentelemetry-sdk-extension-autoconfigure-spi-1.35.0.jar;C:\Users\richatiwari\.m2\repository\io\opentelemetry\opentelemetry-sdk-extension-autoconfigure\1.35.0\opentelemetry-sdk-extension-autoconfigure-1.35.0.jar;C:\Users\richatiwari\.m2\repository\io\opentelemetry\opentelemetry-api-events\1.35.0-alpha\opentelemetry-api-events-1.35.0-alpha.jar;C:\Users\richatiwari\.m2\repository\io\opentelemetry\opentelemetry-sdk-trace\1.35.0\opentelemetry-sdk-trace-1.35.0.jar;C:\Users\richatiwari\.m2\repository\io\opentelemetry\opentelemetry-extension-incubator\1.35.0-alpha\opentelemetry-extension-incubator-1.35.0-alpha.jar;C:\Users\richatiwari\.m2\repository\io\opentelemetry\opentelemetry-sdk\1.35.0\opentelemetry-sdk-1.35.0.jar;C:\Users\richatiwari\.m2\repository\io\opentelemetry\opentelemetry-sdk-metrics\1.35.0\opentelemetry-sdk-metrics-1.35.0.jar;C:\Users\richatiwari\.m2\repository\io\opentelemetry\opentelemetry-sdk-logs\1.35.0\opentelemetry-sdk-logs-1.35.0.jar;C:\Users\richatiwari\.m2\repository\net\bytebuddy\byte-buddy\1.14.12\byte-buddy-1.14.12.jar;C:\Users\richatiwari\.m2\repository\org\seleniumhq\selenium\selenium-os\4.18.1\selenium-os-4.18.1.jar;C:\Users\richatiwari\.m2\repository\org\apache\commons\commons-exec\1.3\commons-exec-1.3.jar;C:\Users\richatiwari\.m2\repository\org\seleniumhq\selenium\selenium-safari-driver\4.18.1\selenium-safari-driver-4.18.1.jar;C:\Users\richatiwari\.m2\repository\org\seleniumhq\selenium\selenium-support\4.18.1\selenium-support-4.18.1.jar;C:\Users\richatiwari\.m2\repository\junit\junit\3.8.1\junit-3.8.1.jar;C:\Users\richatiwari\.m2\repository\io\github\bonigarcia\webdrivermanager\5.8.0\webdrivermanager-5.8.0.jar;C:\Users\richatiwari\.m2\repository\com\github\docker-java\docker-java\3.3.6\docker-java-3.3.6.jar;C:\Users\richatiwari\.m2\repository\com\github\docker-java\docker-java-core\3.3.6\docker-java-core-3.3.6.jar;C:\Users\richatiwari\.m2\repository\com\github\docker-java\docker-java-api\3.3.6\docker-java-api-3.3.6.jar;C:\Users\richatiwari\.m2\repository\com\fasterxml\jackson\core\jackson-annotations\2.10.3\jackson-annotations-2.10.3.jar;C:\Users\richatiwari\.m2\repository\com\fasterxml\jackson\core\jackson-databind\2.10.3\jackson-databind-2.10.3.jar;C:\Users\richatiwari\.m2\repository\com\fasterxml\jackson\core\jackson-core\2.10.3\jackson-core-2.10.3.jar;C:\Users\richatiwari\.m2\repository\org\bouncycastle\bcpkix-jdk18on\1.76\bcpkix-jdk18on-1.76.jar;C:\Users\richatiwari\.m2\repository\org\bouncycastle\bcprov-jdk18on\1.76\bcprov-jdk18on-1.76.jar;C:\Users\richatiwari\.m2\repository\org\bouncycastle\bcutil-jdk18on\1.76\bcutil-jdk18on-1.76.jar;C:\Users\richatiwari\.m2\repository\org\slf4j\jcl-over-slf4j\1.7.30\jcl-over-slf4j-1.7.30.jar;C:\Users\richatiwari\.m2\repository\com\github\docker-java\docker-java-transport-httpclient5\3.3.6\docker-java-transport-httpclient5-3.3.6.jar;C:\Users\richatiwari\.m2\repository\com\github\docker-java\docker-java-transport\3.3.6\docker-java-transport-3.3.6.jar;C:\Users\richatiwari\.m2\repository\net\java\dev\jna\jna\5.13.0\jna-5.13.0.jar;C:\Users\richatiwari\.m2\repository\org\brotli\dec\0.1.2\dec-0.1.2.jar;C:\Users\richatiwari\.m2\repository\org\apache\commons\commons-lang3\3.14.0\commons-lang3-3.14.0.jar;C:\Users\richatiwari\.m2\repository\org\apache\commons\commons-compress\1.26.1\commons-compress-1.26.1.jar;C:\Users\richatiwari\.m2\repository\org\apache\httpcomponents\client5\httpclient5\5.2.1\httpclient5-5.2.1.jar;C:\Users\richatiwari\.m2\repository\org\apache\httpcomponents\core5\httpcore5\5.2\httpcore5-5.2.jar;C:\Users\richatiwari\.m2\repository\org\apache\httpcomponents\core5\httpcore5-h2\5.2\httpcore5-h2-5.2.jar;C:\Users\richatiwari\.m2\repository\org\apache\poi\poi\5.2.5\poi-5.2.5.jar;C:\Users\richatiwari\.m2\repository\commons-codec\commons-codec\1.16.0\commons-codec-1.16.0.jar;C:\Users\richatiwari\.m2\repository\org\apache\commons\commons-collections4\4.4\commons-collections4-4.4.jar;C:\Users\richatiwari\.m2\repository\org\apache\commons\commons-math3\3.6.1\commons-math3-3.6.1.jar;C:\Users\richatiwari\.m2\repository\com\zaxxer\SparseBitSet\1.3\SparseBitSet-1.3.jar;C:\Users\richatiwari\.m2\repository\org\apache\poi\poi-ooxml\5.2.5\poi-ooxml-5.2.5.jar;C:\Users\richatiwari\.m2\repository\org\apache\poi\poi-ooxml-lite\5.2.5\poi-ooxml-lite-5.2.5.jar;C:\Users\richatiwari\.m2\repository\org\apache\xmlbeans\xmlbeans\5.2.0\xmlbeans-5.2.0.jar;C:\Users\richatiwari\.m2\repository\com\github\virtuald\curvesapi\1.08\curvesapi-1.08.jar;"/>
    <property name="sun.cpu.endian" value="little"/>
    <property name="user.home" value="C:\Users\richatiwari"/>
    <property name="user.language" value="en"/>
    <property name="java.specification.vendor" value="Oracle Corporation"/>
    <property name="java.version.date" value="2019-10-15"/>
    <property name="java.home" value="C:\Program Files\RedHat\java-11-openjdk-11.0.5-2"/>
    <property name="file.separator" value="\"/>
    <property name="basedir" value="C:\Users\richatiwari\eclipse-workspace\ExitTest"/>
    <property name="java.vm.compressedOopsMode" value="Zero based"/>
    <property name="line.separator" value="&#10;"/>
    <property name="java.specification.name" value="Java Platform API Specification"/>
    <property name="java.vm.specification.vendor" value="Oracle Corporation"/>
    <property name="java.awt.graphicsenv" value="sun.awt.Win32GraphicsEnvironment"/>
    <property name="surefire.real.class.path" value="C:\Users\richatiwari\AppData\Local\Temp\surefire12504629202017591108\surefirebooter-20240516232149929_3.jar"/>
    <property name="user.script" value=""/>
    <property name="sun.management.compiler" value="HotSpot 64-Bit Tiered Compilers"/>
    <property name="java.runtime.version" value="11.0.5+10-LTS"/>
    <property name="user.name" value="richatiwari"/>
    <property name="path.separator" value=";"/>
    <property name="os.version" value="10.0"/>
    <property name="java.runtime.name" value="OpenJDK Runtime Environment"/>
    <property name="file.encoding" value="Cp1252"/>
    <property name="java.vm.name" value="OpenJDK 64-Bit Server VM"/>
    <property name="java.vendor.version" value="18.9"/>
    <property name="localRepository" value="C:\Users\richatiwari\.m2\repository"/>
    <property name="java.vendor.url.bug" value="http://bugreport.java.com/bugreport/"/>
    <property name="java.io.tmpdir" value="C:\Users\RICHAT~1\AppData\Local\Temp\"/>
    <property name="java.version" value="11.0.5"/>
    <property name="user.dir" value="C:\Users\richatiwari\eclipse-workspace\ExitTest"/>
    <property name="os.arch" value="amd64"/>
    <property name="java.vm.specification.name" value="Java Virtual Machine Specification"/>
    <property name="java.awt.printerjob" value="sun.awt.windows.WPrinterJob"/>
    <property name="sun.os.patch.level" value=""/>
    <property name="java.library.path" value="C:\Program Files\RedHat\java-11-openjdk-11.0.5-2\bin;C:\Windows\Sun\Java\bin;C:\Windows\system32;C:\Windows;C:\Python311\Scripts\;C:\Python311\;C:\Windows\system32;C:\Windows;C:\Windows\System32\Wbem;C:\Windows\System32\WindowsPowerShell\v1.0\;C:\Windows\System32\OpenSSH\;C:\Program Files\TortoiseSVN\bin;C:\Program Files\dotnet\;C:\Program Files\Microsoft SQL Server\130\Tools\Binn\;C:\Program Files\Microsoft SQL Server\Client SDK\ODBC\170\Tools\Binn\;C:\Program Files\RedHat\java-11-openjdk-11.0.5-2\bin;C:\Program Files (x86)\Microsoft SQL Server\150\DTS\Binn\;C:\Program Files\Azure Data Studio\bin;C:\Program Files (x86)\Microsoft SQL Server\140\Tools\Binn\;C:\Program Files\Microsoft SQL Server\140\Tools\Binn\;C:\Program Files (x86)\Microsoft SQL Server\140\DTS\Binn\;C:\Program Files\Microsoft SQL Server\140\DTS\Binn\;C:\Program Files\Microsoft SQL Server\Client SDK\ODBC\130\Tools\Binn\;C:\ProgramData\chocolatey\bin;C:\Program Files\Git\cmd;C:\Program Files\Microsoft SQL Server\150\Tools\Binn\;C:\Program Files\nodejs\;C:\Program Files\RedHat\java-11-openjdk-11.0.5-2\bin;C:\apache-jmeter-5.6.3\bin;C:\Users\richatiwari\AppData\Local\Programs\Python\Python312\Scripts\;C:\Users\richatiwari\AppData\Local\Programs\Python\Python312\;C:\Users\richatiwari\AppData\Local\Microsoft\WindowsApps;C:\Program Files\Azure Data Studio\bin;C:\Users\richatiwari\AppData\Local\Programs\Microsoft VS Code\bin;C:\Users\richatiwari\.dotnet\tools;C:\Users\richatiwari\AppData\Roaming\npm;C:\Users\richatiwari\Downloads\apache-maven-3.9.6-bin\apache-maven-3.9.6\bin;;."/>
    <property name="java.vendor" value="Oracle Corporation"/>
    <property name="java.vm.info" value="mixed mode"/>
    <property name="java.vm.version" value="11.0.5+10-LTS"/>
    <property name="sun.io.unicode.encoding" value="UnicodeLittle"/>
    <property name="java.class.version" value="55.0"/>
  </properties>
  <testcase name="bannerTest[https://www.flipkart.com, Yes](1)" classname="tests.BannerTest" time="4.162">
    <system-err><![CDATA[SLF4J: Failed to load class "org.slf4j.impl.StaticLoggerBinder".
SLF4J: Defaulting to no-operation (NOP) logger implementation
SLF4J: See http://www.slf4j.org/codes.html#StaticLoggerBinder for further details.
May 16, 2024 11:21:54 PM org.openqa.selenium.devtools.CdpVersionFinder findNearestMatch
WARNING: Unable to find an exact match for CDP version 124, returning the closest version; found: 122; Please update to a Selenium version that supports CDP version 124
]]></system-err>
  </testcase>
  <testcase name="bookFlightTest[https://www.flipkart.com, Yes](1)" classname="tests.BookFlightTest" time="9.399">
    <system-err><![CDATA[May 16, 2024 11:22:03 PM org.openqa.selenium.devtools.CdpVersionFinder findNearestMatch
WARNING: Unable to find an exact match for CDP version 124, returning the closest version; found: 122; Please update to a Selenium version that supports CDP version 124
]]></system-err>
  </testcase>
  <testcase name="cartTest[https://www.flipkart.com/poco-m6-pro-5g-forest-green-128-gb/p/itm151f47ed48eee?pid=MOBGRNZ3FZBVRYHQ&amp;lid=LSTMOBGRNZ3FZBVRYHQLWWUJH&amp;marketplace=FLIPKART&amp;store=tyy%2F4io&amp;spotlightTagId=BestsellerId_tyy%2F4io&amp;srno=b_1_1&amp;otracker=browse&amp;fm=organic&amp;iid=7bb2022b-65bc-4846-8f6f-a92e25cd8522.MOBGRNZ3FZBVRYHQ.SEARCH&amp;ppt=browse&amp;ppn=browse&amp;ssid=vtvs5v5y3k0000001715695980158, Yes, tiwari199.rahul7@gmail.com](1)" classname="tests.CartTest" time="7.47">
    <system-err><![CDATA[May 16, 2024 11:22:16 PM org.openqa.selenium.devtools.CdpVersionFinder findNearestMatch
WARNING: Unable to find an exact match for CDP version 124, returning the closest version; found: 122; Please update to a Selenium version that supports CDP version 124
]]></system-err>
  </testcase>
  <testcase name="compareTest[https://www.flipkart.com/poco-m6-pro-5g-forest-green-128-gb/p/itm151f47ed48eee?pid=MOBGRNZ3FZBVRYHQ&amp;lid=LSTMOBGRNZ3FZBVRYHQLWWUJH&amp;marketplace=FLIPKART&amp;store=tyy%2F4io&amp;spotlightTagId=BestsellerId_tyy%2F4io&amp;srno=b_1_1&amp;otracker=browse&amp;fm=organic&amp;iid=93d2403b-5c0b-48c2-912a-ab78f1ffc658.MOBGRNZ3FZBVRYHQ.SEARCH&amp;ppt=browse&amp;ppn=browse&amp;ssid=qasi52v2800000001715754782625, https://www.flipkart.com/redmi-12-pastel-blue-128-gb/p/itm9b1a6640faccd?pid=MOBGRMFKAHNTZPWE&amp;lid=LSTMOBGRMFKAHNTZPWE1H5IWS&amp;marketplace=FLIPKART&amp;fm=productRecommendation%2Fsimilar&amp;iid=R%3As%3Bp%3AMOBGRNZ3FZBVRYHQ%3Bl%3ALSTMOBGRNZ3FZBVRYHQLWWUJH%3Bpt%3App%3Buid%3A413ce5c5-129d-11ef-9805-dfeb5cf62949%3B.MOBGRMFKAHNTZPWE&amp;ppt=pp&amp;ppn=pp&amp;ssid=rpba0o2wls0000001715758110411&amp;otracker=pp_reco_Similar%2BProducts_6_35.productCard.PMU_HORIZONTAL_REDMI%2B12%2B%2528Pastel%2BBlue%252C%2B128%2BGB%2529_MOBGRMFKAHNTZPWE_productRecommendation%2Fsimilar_5&amp;otracker1=pp_reco_PINNED_productRecommendation%2Fsimilar_Similar%2BProducts_GRID_productCard_cc_6_NA_view-all&amp;cid=MOBGRMFKAHNTZPWE, Yes](1)" classname="tests.CompareTest" time="6.867">
    <system-err><![CDATA[May 16, 2024 11:22:26 PM org.openqa.selenium.devtools.CdpVersionFinder findNearestMatch
WARNING: Unable to find an exact match for CDP version 124, returning the closest version; found: 122; Please update to a Selenium version that supports CDP version 124
]]></system-err>
  </testcase>
  <testcase name="customerCareTest[https://www.flipkart.com, Yes](1)" classname="tests.CustomerCareTest" time="4.815">
    <system-err><![CDATA[May 16, 2024 11:22:36 PM org.openqa.selenium.devtools.CdpVersionFinder findNearestMatch
WARNING: Unable to find an exact match for CDP version 124, returning the closest version; found: 122; Please update to a Selenium version that supports CDP version 124
]]></system-err>
  </testcase>
  <testcase name="downloadTest[https://www.flipkart.com, Yes](1)" classname="tests.DownloadTest" time="11.751">
    <system-err><![CDATA[May 16, 2024 11:22:44 PM org.openqa.selenium.devtools.CdpVersionFinder findNearestMatch
WARNING: Unable to find an exact match for CDP version 124, returning the closest version; found: 122; Please update to a Selenium version that supports CDP version 124
]]></system-err>
  </testcase>
  <testcase name="exchangeTest[https://www.flipkart.com/vivo-t2-pro-5g-dune-gold-256-gb/p/itm1230688cdef18?pid=MOBGT4RZUPKD8HDK&amp;lid=LSTMOBGT4RZUPKD8HDK4QMUBF&amp;marketplace=FLIPKART&amp;store=tyy%2F4io&amp;spotlightTagId=FkPickId_tyy%2F4io&amp;srno=b_1_1&amp;otracker=browse&amp;fm=organic&amp;iid=3fdca557-96cf-4098-b4ab-723ab022d11f.MOBGT4RZUPKD8HDK.SEARCH&amp;ppt=browse&amp;ppn=browse&amp;ssid=xwer05avpc0000001715845565435, Yes, 273015](1)" classname="tests.ExchangeTest" time="10.824">
    <system-err><![CDATA[May 16, 2024 11:22:59 PM org.openqa.selenium.devtools.CdpVersionFinder findNearestMatch
WARNING: Unable to find an exact match for CDP version 124, returning the closest version; found: 122; Please update to a Selenium version that supports CDP version 124
]]></system-err>
  </testcase>
  <testcase name="filterTest[https://www.flipkart.com, Yes](1)" classname="tests.FilterTest" time="11.998">
    <system-err><![CDATA[May 16, 2024 11:23:13 PM org.openqa.selenium.devtools.CdpVersionFinder findNearestMatch
WARNING: Unable to find an exact match for CDP version 124, returning the closest version; found: 122; Please update to a Selenium version that supports CDP version 124
]]></system-err>
  </testcase>
  <testcase name="giftcardTest[https://www.flipkart.com/the-gift-card-store?link=home_giftcard, Yes, rictae13@gmail.com, Richa](1)" classname="tests.GiftcardTest" time="7.761">
    <system-err><![CDATA[May 16, 2024 11:23:29 PM org.openqa.selenium.devtools.CdpVersionFinder findNearestMatch
WARNING: Unable to find an exact match for CDP version 124, returning the closest version; found: 122; Please update to a Selenium version that supports CDP version 124
]]></system-err>
  </testcase>
  <testcase name="groceryTest[https://www.flipkart.com, Yes, 273015](1)" classname="tests.GroceryTest" time="5.065">
    <system-err><![CDATA[May 16, 2024 11:23:40 PM org.openqa.selenium.devtools.CdpVersionFinder findNearestMatch
WARNING: Unable to find an exact match for CDP version 124, returning the closest version; found: 122; Please update to a Selenium version that supports CDP version 124
]]></system-err>
  </testcase>
  <testcase name="groupCompanyTest[https://www.flipkart.com/, Yes](1)" classname="tests.GroupCompanyTest" time="6.253">
    <system-err><![CDATA[May 16, 2024 11:23:48 PM org.openqa.selenium.devtools.CdpVersionFinder findNearestMatch
WARNING: Unable to find an exact match for CDP version 124, returning the closest version; found: 122; Please update to a Selenium version that supports CDP version 124
]]></system-err>
  </testcase>
  <testcase name="loginTest[8707637714, Yes](1)" classname="tests.LoginTest" time="6.954">
    <system-err><![CDATA[May 16, 2024 11:23:59 PM org.openqa.selenium.devtools.CdpVersionFinder findNearestMatch
WARNING: Unable to find an exact match for CDP version 124, returning the closest version; found: 122; Please update to a Selenium version that supports CDP version 124
]]></system-err>
  </testcase>
  <testcase name="navigationTest[https://www.flipkart.com, Yes](1)" classname="tests.NavigationTest" time="8.31">
    <system-err><![CDATA[May 16, 2024 11:24:09 PM org.openqa.selenium.devtools.CdpVersionFinder findNearestMatch
WARNING: Unable to find an exact match for CDP version 124, returning the closest version; found: 122; Please update to a Selenium version that supports CDP version 124
]]></system-err>
  </testcase>
  <testcase name="pincodeTest[https://www.flipkart.com/poco-m6-pro-5g-forest-green-128-gb/p/itm151f47ed48eee?pid=MOBGRNZ3FZBVRYHQ&amp;lid=LSTMOBGRNZ3FZBVRYHQLWWUJH&amp;marketplace=FLIPKART&amp;store=tyy%2F4io&amp;spotlightTagId=BestsellerId_tyy%2F4io&amp;srno=b_1_1&amp;otracker=browse&amp;fm=organic&amp;iid=cc972770-991c-415d-841e-231c0f770900.MOBGRNZ3FZBVRYHQ.SEARCH&amp;ppt=browse&amp;ppn=browse&amp;ssid=tl5e3ijzbk0000001715680469385, Yes, 273015](1)" classname="tests.PinCodeTest" time="4.887">
    <system-err><![CDATA[May 16, 2024 11:24:21 PM org.openqa.selenium.devtools.CdpVersionFinder findNearestMatch
WARNING: Unable to find an exact match for CDP version 124, returning the closest version; found: 122; Please update to a Selenium version that supports CDP version 124
]]></system-err>
  </testcase>
  <testcase name="ratingTest[https://www.flipkart.com/poco-m6-pro-5g-power-black-128-gb/p/itmef8fa46f89738?pid=MOBGRNZ3ER4N3K4F&amp;lid=LSTMOBGRNZ3ER4N3K4FIYYGCU&amp;marketplace=FLIPKART&amp;store=tyy%2F4io&amp;spotlightTagId=BestsellerId_tyy%2F4io&amp;srno=b_1_1&amp;otracker=browse&amp;fm=organic&amp;iid=e4251021-69ce-4af4-8e14-c0d82321e3d8.MOBGRNZ3ER4N3K4F.SEARCH&amp;ppt=browse&amp;ppn=browse&amp;ssid=tsnuolqqkg0000001715851610427, Yes](1)" classname="tests.RatingTest" time="9.869">
    <system-err><![CDATA[May 16, 2024 11:24:29 PM org.openqa.selenium.devtools.CdpVersionFinder findNearestMatch
WARNING: Unable to find an exact match for CDP version 124, returning the closest version; found: 122; Please update to a Selenium version that supports CDP version 124
]]></system-err>
  </testcase>
  <testcase name="searchTest[https://www.flipkart.com/, Yes, Women Jeans](1)" classname="tests.SearchTest" time="7.61">
    <system-err><![CDATA[May 16, 2024 11:24:42 PM org.openqa.selenium.devtools.CdpVersionFinder findNearestMatch
WARNING: Unable to find an exact match for CDP version 124, returning the closest version; found: 122; Please update to a Selenium version that supports CDP version 124
]]></system-err>
  </testcase>
  <testcase name="sellerTest[https://www.flipkart.com, Yes](1)" classname="tests.SellerTest" time="10.574">
    <system-err><![CDATA[May 16, 2024 11:24:53 PM org.openqa.selenium.devtools.CdpVersionFinder findNearestMatch
WARNING: Unable to find an exact match for CDP version 124, returning the closest version; found: 122; Please update to a Selenium version that supports CDP version 124
]]></system-err>
  </testcase>
  <testcase name="shareTest[https://www.flipkart.com/poco-m6-pro-5g-forest-green-128-gb/p/itm151f47ed48eee?pid=MOBGRNZ3FZBVRYHQ&amp;lid=LSTMOBGRNZ3FZBVRYHQLWWUJH&amp;marketplace=FLIPKART&amp;store=tyy%2F4io&amp;spotlightTagId=BestsellerId_tyy%2F4io&amp;srno=b_1_1&amp;otracker=browse&amp;fm=organic&amp;iid=93d2403b-5c0b-48c2-912a-ab78f1ffc658.MOBGRNZ3FZBVRYHQ.SEARCH&amp;ppt=browse&amp;ppn=browse&amp;ssid=qasi52v2800000001715754782625, Yes](1)" classname="tests.ShareTest" time="4.592">
    <system-err><![CDATA[May 16, 2024 11:25:07 PM org.openqa.selenium.devtools.CdpVersionFinder findNearestMatch
WARNING: Unable to find an exact match for CDP version 124, returning the closest version; found: 122; Please update to a Selenium version that supports CDP version 124
]]></system-err>
  </testcase>
  <testcase name="signUpTest[https://www.flipkart.com/, Yes, 8707637714](1)" classname="tests.SignUpTest" time="5.997">
    <system-err><![CDATA[May 16, 2024 11:25:14 PM org.openqa.selenium.devtools.CdpVersionFinder findNearestMatch
WARNING: Unable to find an exact match for CDP version 124, returning the closest version; found: 122; Please update to a Selenium version that supports CDP version 124
]]></system-err>
  </testcase>
  <testcase name="wishlistTest[https://www.flipkart.com/tyy/4io/~cs-6ky41lperx/pr?sid=tyy%2C4io&amp;collection-tab-name=POCO+M6+Pro+5G&amp;param=3243&amp;ctx=eyJjYXJkQ29udGV4dCI6eyJhdHRyaWJ1dGVzIjp7InZhbHVlQ2FsbG91dCI6eyJtdWx0aVZhbHVlZEF0dHJpYnV0ZSI6eyJrZXkiOiJ2YWx1ZUNhbGxvdXQiLCJpbmZlcmVuY2VUeXBlIjoiVkFMVUVfQ0FMTE9VVCIsInZhbHVlcyI6WyJpbmNsIG9mIG9mZmVycyJdLCJ2YWx1ZVR5cGUiOiJNVUxUSV9WQUxVRUQifX0sInRpdGxlIjp7Im11bHRpVmFsdWVkQXR0cmlidXRlIjp7ImtleSI6InRpdGxlIiwiaW5mZXJlbmNlVHlwZSI6IlRJVExFIiwidmFsdWVzIjpbInBvY28gbTYgcHJvIl0sInZhbHVlVHlwZSI6Ik1VTFRJX1ZBTFVFRCJ9fSwiaGVyb1BpZCI6eyJzaW5nbGVWYWx1ZUF0dHJpYnV0ZSI6eyJrZXkiOiJoZXJvUGlkIiwiaW5mZXJlbmNlVHlwZSI6IlBJRCIsInZhbHVlIjoiTU9CR1JOWjNGWkJWUllIUSIsInZhbHVlVHlwZSI6IlNJTkdMRV9WQUxVRUQifX19fX0%3D, Yes](1)" classname="tests.WishlistTest" time="3.902">
    <system-err><![CDATA[May 16, 2024 11:25:23 PM org.openqa.selenium.devtools.CdpVersionFinder findNearestMatch
WARNING: Unable to find an exact match for CDP version 124, returning the closest version; found: 122; Please update to a Selenium version that supports CDP version 124
]]></system-err>
  </testcase>
</testsuite>