<?xml version="1.0" encoding="UTF-8"?>
<!-- Generated by org.testng.reporters.JUnitReportReporter -->
<testsuite hostname="IN-PG0352BP" failures="0" tests="1" name="tests.SearchTest" time="14.664" errors="0" timestamp="2024-05-17T12:14:20 IST" skipped="0">
  <testcase classname="tests.SearchTest" name="searchTest" time="14.664"/>
</testsuite> <!-- tests.SearchTest -->
