<?xml version="1.0" encoding="UTF-8"?>
<!-- Generated by org.testng.reporters.JUnitReportReporter -->
<testsuite hostname="IN-PG0352BP" failures="0" tests="1" name="tests.NavigationTest" time="12.977" errors="0" timestamp="2024-05-17T12:14:20 IST" skipped="0">
  <testcase classname="tests.NavigationTest" name="navigationTest" time="12.977"/>
</testsuite> <!-- tests.NavigationTest -->
