<?xml version="1.0" encoding="UTF-8"?>
<!-- Generated by org.testng.reporters.JUnitReportReporter -->
<testsuite hostname="IN-PG0352BP" failures="0" tests="2" name="tests.WishlistTest" time="10.212" errors="0" timestamp="2024-05-17T12:14:20 IST" skipped="0">
  <testcase classname="tests.WishlistTest" name="bannerTest" time="8.657"/>
  <testcase classname="tests.WishlistTest" name="wishlistTest" time="1.555"/>
</testsuite> <!-- tests.WishlistTest -->
