<?xml version="1.0" encoding="UTF-8"?>
<!-- Generated by org.testng.reporters.JUnitReportReporter -->
<testsuite hostname="IN-PG0352BP" failures="0" tests="2" name="tests.FilterTest" time="11.843" errors="0" timestamp="2024-05-17T12:14:20 IST" skipped="0">
  <testcase classname="tests.FilterTest" name="bannerTest" time="7.447"/>
  <testcase classname="tests.FilterTest" name="filterTest" time="4.396"/>
</testsuite> <!-- tests.FilterTest -->
